Start testing: Dec 09 17:58 GMT
----------------------------------------------------------
1/1 Testing: TestingTests
1/1 Test: TestingTests
Command: "/home/kai/HonoursProject/Code/out/TestingDir/tests/TestingTests"
Directory: /home/kai/HonoursProject/Code/out/TestingDir/tests
"TestingTests" start time: Dec 09 17:58 GMT
Output:
----------------------------------------------------------
Running main() from /home/kai/HonoursProject/Code/googletest/googletest/src/gtest_main.cc
[==========] Running 2 tests from 1 test suite.
[----------] Global test environment set-up.
[----------] 2 tests from ExampleTests
[ RUN      ] ExampleTests.Test1
[       OK ] ExampleTests.Test1 (0 ms)
[ RUN      ] ExampleTests.Test2
[       OK ] ExampleTests.Test2 (0 ms)
[----------] 2 tests from ExampleTests (0 ms total)

[----------] Global test environment tear-down
[==========] 2 tests from 1 test suite ran. (0 ms total)
[  PASSED  ] 2 tests.
<end of output>
Test time =   0.01 sec
----------------------------------------------------------
Test Passed.
"TestingTests" end time: Dec 09 17:58 GMT
"TestingTests" time elapsed: 00:00:00
----------------------------------------------------------

End testing: Dec 09 17:58 GMT
