Start testing: Dec 09 15:38 GMT
----------------------------------------------------------
1/1 Testing: TestingTests
1/1 Test: TestingTests
Command: "/home/kai/HonoursProject/Code/out/TestingDir/tests/TestingTests"
Directory: /home/kai/HonoursProject/Code/out/TestingDir/tests
"TestingTests" start time: Dec 09 15:38 GMT
Output:
----------------------------------------------------------
Running main() from /home/kai/HonoursProject/Code/googletest/googletest/src/gtest_main.cc
[==========] Running 2 tests from 1 test suite.
[----------] Global test environment set-up.
[----------] 2 tests from ExampleTests
[ RUN      ] ExampleTests.Test1
[       OK ] ExampleTests.Test1 (0 ms)
[ RUN      ] ExampleTests.Test2
/home/kai/HonoursProject/Code/TestingDir/tests/main.cpp:16: Failure
Value of: result
  Actual: true
Expected: false
[  FAILED  ] ExampleTests.Test2 (0 ms)
[----------] 2 tests from ExampleTests (0 ms total)

[----------] Global test environment tear-down
[==========] 2 tests from 1 test suite ran. (0 ms total)
[  PASSED  ] 1 test.
[  FAILED  ] 1 test, listed below:
[  FAILED  ] ExampleTests.Test2

 1 FAILED TEST
<end of output>
Test time =   0.00 sec
----------------------------------------------------------
Test Failed.
"TestingTests" end time: Dec 09 15:38 GMT
"TestingTests" time elapsed: 00:00:00
----------------------------------------------------------

End testing: Dec 09 15:38 GMT
